#
# There is insufficient memory for the Java Runtime Environment to continue.
# Native memory allocation (malloc) failed to allocate 860416 bytes for Chunk::new
# Possible reasons:
#   The system is out of physical RAM or swap space
#   The process is running with CompressedOops enabled, and the Java Heap may be blocking the growth of the native heap
# Possible solutions:
#   Reduce memory load on the system
#   Increase physical memory or swap space
#   Check if swap backing store is full
#   Decrease Java heap size (-Xmx/-Xms)
#   Decrease number of Java threads
#   Decrease Java thread stack sizes (-Xss)
#   Set larger code cache with -XX:ReservedCodeCacheSize=
#   JVM is running with Unscaled Compressed Oops mode in which the Java heap is
#     placed in the first 4GB address space. The Java Heap base address is the
#     maximum limit for the native heap growth. Please use -XX:HeapBaseMinAddress
#     to set the Java Heap base and to place the Java Heap above 4GB virtual address.
# This output file may be truncated or incomplete.
#
#  Out of Memory Error (./src/hotspot/share/memory/arena.cpp:197), pid=2616, tid=1348
#
# JRE version: OpenJDK Runtime Environment (11.0.10) (build 11.0.10+0-b96-7249189)
# Java VM: OpenJDK 64-Bit Server VM (11.0.10+0-b96-7249189, mixed mode, tiered, compressed oops, g1 gc, windows-amd64)
# No core dump will be written. Minidumps are not enabled by default on client versions of Windows
#

---------------  S U M M A R Y ------------

Command Line: org.jetbrains.kotlin.cli.jvm.K2JVMCompiler @C:\Users\usuario\Desktop\gitRepositories\LattersToSaraswati\app\build\20211219_12848191704189273735.compiler.options

Host: Intel(R) Core(TM) i5-6200U CPU @ 2.30GHz, 4 cores, 7G,  Windows 10 , 64 bit Build 19041 (10.0.19041.1348)
Time: Sun Dec 19 17:24:35 2021 Hora oficial do Brasil elapsed time: 16.354629 seconds (0d 0h 0m 16s)

---------------  T H R E A D  ---------------

Current thread (0x000001a868556000):  JavaThread "C2 CompilerThread0" daemon [_thread_in_native, id=1348, stack(0x000000468c200000,0x000000468c300000)]


Current CompileTask:
C2:  16354 9685       4       org.jetbrains.kotlin.backend.common.serialization.mangle.descriptor.DescriptorMangleComputer::mangleType (469 bytes)

Stack: [0x000000468c200000,0x000000468c300000]
Native frames: (J=compiled Java code, j=interpreted, Vv=VM code, C=native code)
V  [jvm.dll+0x5ecfaa]
V  [jvm.dll+0x722bd5]
V  [jvm.dll+0x72412d]
V  [jvm.dll+0x7247e3]
V  [jvm.dll+0x242928]
V  [jvm.dll+0xbc4fc]
V  [jvm.dll+0xbca0c]
V  [jvm.dll+0x2b4fd4]
V  [jvm.dll+0x506028]
V  [jvm.dll+0x203253]
V  [jvm.dll+0x1fd07c]
V  [jvm.dll+0x1fa77f]
V  [jvm.dll+0x18354c]
V  [jvm.dll+0x208ee7]
V  [jvm.dll+0x207731]
V  [jvm.dll+0x6eb1cf]
V  [jvm.dll+0x6e3d45]
V  [jvm.dll+0x5ebe96]
C  [ucrtbase.dll+0x21bb2]
C  [KERNEL32.DLL+0x17034]
C  [ntdll.dll+0x52651]


---------------  P R O C E S S  ---------------

Threads class SMR info:
_java_thread_list=0x000001a86900f690, length=10, elements={
0x000001a84e289000, 0x000001a868536000, 0x000001a868536800, 0x000001a868551000,
0x000001a868553000, 0x000001a868555000, 0x000001a868556000, 0x000001a868559800,
0x000001a86857d800, 0x000001a86902d000
}

Java Threads: ( => current thread )
  0x000001a84e289000 JavaThread "main" [_thread_in_Java, id=68, stack(0x000000468b600000,0x000000468b700000)]
  0x000001a868536000 JavaThread "Reference Handler" daemon [_thread_blocked, id=1452, stack(0x000000468bd00000,0x000000468be00000)]
  0x000001a868536800 JavaThread "Finalizer" daemon [_thread_blocked, id=1356, stack(0x000000468be00000,0x000000468bf00000)]
  0x000001a868551000 JavaThread "Signal Dispatcher" daemon [_thread_blocked, id=2500, stack(0x000000468bf00000,0x000000468c000000)]
  0x000001a868553000 JavaThread "Attach Listener" daemon [_thread_blocked, id=2436, stack(0x000000468c000000,0x000000468c100000)]
  0x000001a868555000 JavaThread "Service Thread" daemon [_thread_blocked, id=10716, stack(0x000000468c100000,0x000000468c200000)]
=>0x000001a868556000 JavaThread "C2 CompilerThread0" daemon [_thread_in_native, id=1348, stack(0x000000468c200000,0x000000468c300000)]
  0x000001a868559800 JavaThread "C1 CompilerThread0" daemon [_thread_in_native, id=9952, stack(0x000000468c300000,0x000000468c400000)]
  0x000001a86857d800 JavaThread "Sweeper thread" daemon [_thread_blocked, id=10468, stack(0x000000468c400000,0x000000468c500000)]
  0x000001a86902d000 JavaThread "Common-Cleaner" daemon [_thread_blocked, id=3752, stack(0x000000468c600000,0x000000468c700000)]

Other Threads:
  0x000001a86850b800 VMThread "VM Thread" [stack: 0x000000468bc00000,0x000000468bd00000] [id=6520]
  0x000001a869016800 WatcherThread [stack: 0x000000468c500000,0x000000468c600000] [id=6680]
  0x000001a84e2a1800 GCTaskThread "GC Thread#0" [stack: 0x000000468b700000,0x000000468b800000] [id=10012]
  0x000001a8693e3800 GCTaskThread "GC Thread#1" [stack: 0x000000468c700000,0x000000468c800000] [id=9316]
  0x000001a86945c800 GCTaskThread "GC Thread#2" [stack: 0x000000468c800000,0x000000468c900000] [id=9424]
  0x000001a84e2d0800 ConcurrentGCThread "G1 Main Marker" [stack: 0x000000468b800000,0x000000468b900000] [id=2160]
  0x000001a84e2d3000 ConcurrentGCThread "G1 Conc#0" [stack: 0x000000468b900000,0x000000468ba00000] [id=10984]
  0x000001a84e367000 ConcurrentGCThread "G1 Refine#0" [stack: 0x000000468ba00000,0x000000468bb00000] [id=8524]
  0x000001a84e368000 ConcurrentGCThread "G1 Young RemSet Sampling" [stack: 0x000000468bb00000,0x000000468bc00000] [id=1712]

Threads with active compile tasks:
C2 CompilerThread0  16390 9685       4       org.jetbrains.kotlin.backend.common.serialization.mangle.descriptor.DescriptorMangleComputer::mangleType (469 bytes)
C1 CompilerThread0  16390 9819       2       org.jetbrains.kotlin.ir.declarations.lazy.IrLazyFunctionBase$DefaultImpls::createReturnType (30 bytes)

VM state:not at safepoint (normal execution)

VM Mutex/Monitor currently owned by a thread: None

Heap address: 0x0000000081a00000, size: 2022 MB, Compressed Oops mode: 32-bit
Narrow klass base: 0x0000000000000000, Narrow klass shift: 3
Compressed class space size: 1073741824 Address: 0x0000000100000000

Heap:
 garbage-first heap   total 157696K, used 95232K [0x0000000081a00000, 0x0000000100000000)
  region size 1024K, 41 young (41984K), 5 survivors (5120K)
 Metaspace       used 72276K, capacity 73110K, committed 73216K, reserved 1114112K
  class space    used 8094K, capacity 8394K, committed 8448K, reserved 1048576K
Heap Regions: E=young(eden), S=young(survivor), O=old, HS=humongous(starts), HC=humongous(continues), CS=collection set, F=free, A=archive, TAMS=top-at-mark-start (previous, next)
|   0|0x0000000081a00000, 0x0000000081b00000, 0x0000000081b00000|100%|HS|  |TAMS 0x0000000081b00000, 0x0000000081a00000| Complete 
|   1|0x0000000081b00000, 0x0000000081c00000, 0x0000000081c00000|100%|HC|  |TAMS 0x0000000081c00000, 0x0000000081b00000| Complete 
|   2|0x0000000081c00000, 0x0000000081d00000, 0x0000000081d00000|100%|HC|  |TAMS 0x0000000081d00000, 0x0000000081c00000| Complete 
|   3|0x0000000081d00000, 0x0000000081e00000, 0x0000000081e00000|100%| O|  |TAMS 0x0000000081e00000, 0x0000000081d00000| Untracked 
|   4|0x0000000081e00000, 0x0000000081f00000, 0x0000000081f00000|100%| O|  |TAMS 0x0000000081f00000, 0x0000000081e00000| Untracked 
|   5|0x0000000081f00000, 0x0000000082000000, 0x0000000082000000|100%|HS|  |TAMS 0x0000000082000000, 0x0000000081f00000| Complete 
|   6|0x0000000082000000, 0x0000000082100000, 0x0000000082100000|100%|HC|  |TAMS 0x0000000082100000, 0x0000000082000000| Complete 
|   7|0x0000000082100000, 0x0000000082200000, 0x0000000082200000|100%|HC|  |TAMS 0x0000000082200000, 0x0000000082100000| Complete 
|   8|0x0000000082200000, 0x0000000082300000, 0x0000000082300000|100%|HS|  |TAMS 0x0000000082300000, 0x0000000082200000| Complete 
|   9|0x0000000082300000, 0x0000000082400000, 0x0000000082400000|100%|HC|  |TAMS 0x0000000082400000, 0x0000000082300000| Complete 
|  10|0x0000000082400000, 0x0000000082500000, 0x0000000082500000|100%|HC|  |TAMS 0x0000000082500000, 0x0000000082400000| Complete 
|  11|0x0000000082500000, 0x0000000082600000, 0x0000000082600000|100%|HS|  |TAMS 0x0000000082600000, 0x0000000082500000| Complete 
|  12|0x0000000082600000, 0x0000000082700000, 0x0000000082700000|100%|HC|  |TAMS 0x0000000082700000, 0x0000000082600000| Complete 
|  13|0x0000000082700000, 0x0000000082800000, 0x0000000082800000|100%| O|  |TAMS 0x0000000082800000, 0x0000000082700000| Untracked 
|  14|0x0000000082800000, 0x0000000082900000, 0x0000000082900000|100%| O|  |TAMS 0x0000000082900000, 0x0000000082800000| Untracked 
|  15|0x0000000082900000, 0x0000000082a00000, 0x0000000082a00000|100%| O|  |TAMS 0x0000000082a00000, 0x0000000082900000| Untracked 
|  16|0x0000000082a00000, 0x0000000082b00000, 0x0000000082b00000|100%| O|  |TAMS 0x0000000082b00000, 0x0000000082a00000| Untracked 
|  17|0x0000000082b00000, 0x0000000082c00000, 0x0000000082c00000|100%| O|  |TAMS 0x0000000082c00000, 0x0000000082b00000| Untracked 
|  18|0x0000000082c00000, 0x0000000082d00000, 0x0000000082d00000|100%| O|  |TAMS 0x0000000082c00000, 0x0000000082c00000| Untracked 
|  19|0x0000000082d00000, 0x0000000082e00000, 0x0000000082e00000|100%| O|  |TAMS 0x0000000082d00000, 0x0000000082d00000| Untracked 
|  20|0x0000000082e00000, 0x0000000082f00000, 0x0000000082f00000|100%| O|  |TAMS 0x0000000082f00000, 0x0000000082e00000| Untracked 
|  21|0x0000000082f00000, 0x0000000083000000, 0x0000000083000000|100%| O|  |TAMS 0x0000000083000000, 0x0000000082f00000| Untracked 
|  22|0x0000000083000000, 0x0000000083100000, 0x0000000083100000|100%| O|  |TAMS 0x0000000083100000, 0x0000000083000000| Untracked 
|  23|0x0000000083100000, 0x0000000083200000, 0x0000000083200000|100%| O|  |TAMS 0x0000000083200000, 0x0000000083100000| Untracked 
|  24|0x0000000083200000, 0x0000000083300000, 0x0000000083300000|100%| O|  |TAMS 0x0000000083300000, 0x0000000083200000| Untracked 
|  25|0x0000000083300000, 0x0000000083400000, 0x0000000083400000|100%| O|  |TAMS 0x0000000083340800, 0x0000000083300000| Untracked 
|  26|0x0000000083400000, 0x0000000083500000, 0x0000000083500000|100%| O|  |TAMS 0x0000000083400000, 0x0000000083400000| Untracked 
|  27|0x0000000083500000, 0x0000000083600000, 0x0000000083600000|100%| O|  |TAMS 0x0000000083500000, 0x0000000083500000| Untracked 
|  28|0x0000000083600000, 0x0000000083700000, 0x0000000083700000|100%| O|  |TAMS 0x0000000083600000, 0x0000000083600000| Untracked 
|  29|0x0000000083700000, 0x0000000083800000, 0x0000000083800000|100%| O|  |TAMS 0x0000000083700000, 0x0000000083700000| Untracked 
|  30|0x0000000083800000, 0x0000000083900000, 0x0000000083900000|100%| O|  |TAMS 0x0000000083800000, 0x0000000083800000| Untracked 
|  31|0x0000000083900000, 0x0000000083a00000, 0x0000000083a00000|100%| O|  |TAMS 0x0000000083900000, 0x0000000083900000| Untracked 
|  32|0x0000000083a00000, 0x0000000083b00000, 0x0000000083b00000|100%| O|  |TAMS 0x0000000083a00000, 0x0000000083a00000| Untracked 
|  33|0x0000000083b00000, 0x0000000083c00000, 0x0000000083c00000|100%| O|  |TAMS 0x0000000083b00000, 0x0000000083b00000| Untracked 
|  34|0x0000000083c00000, 0x0000000083d00000, 0x0000000083d00000|100%| O|  |TAMS 0x0000000083c00000, 0x0000000083c00000| Untracked 
|  35|0x0000000083d00000, 0x0000000083e00000, 0x0000000083e00000|100%| O|  |TAMS 0x0000000083d00000, 0x0000000083d00000| Untracked 
|  36|0x0000000083e00000, 0x0000000083f00000, 0x0000000083f00000|100%| O|  |TAMS 0x0000000083e00000, 0x0000000083e00000| Untracked 
|  37|0x0000000083f00000, 0x0000000084000000, 0x0000000084000000|100%| O|  |TAMS 0x0000000083f00000, 0x0000000083f00000| Untracked 
|  38|0x0000000084000000, 0x0000000084100000, 0x0000000084100000|100%| O|  |TAMS 0x0000000084000000, 0x0000000084000000| Untracked 
|  39|0x0000000084100000, 0x0000000084200000, 0x0000000084200000|100%| O|  |TAMS 0x0000000084100000, 0x0000000084100000| Untracked 
|  40|0x0000000084200000, 0x0000000084300000, 0x0000000084300000|100%| O|  |TAMS 0x0000000084200000, 0x0000000084200000| Untracked 
|  41|0x0000000084300000, 0x0000000084400000, 0x0000000084400000|100%| O|  |TAMS 0x0000000084300000, 0x0000000084300000| Untracked 
|  42|0x0000000084400000, 0x0000000084500000, 0x0000000084500000|100%| O|  |TAMS 0x0000000084400000, 0x0000000084400000| Untracked 
|  43|0x0000000084500000, 0x0000000084600000, 0x0000000084600000|100%| O|  |TAMS 0x0000000084500000, 0x0000000084500000| Untracked 
|  44|0x0000000084600000, 0x0000000084700000, 0x0000000084700000|100%| O|  |TAMS 0x0000000084600000, 0x0000000084600000| Untracked 
|  45|0x0000000084700000, 0x0000000084800000, 0x0000000084800000|100%| O|  |TAMS 0x0000000084700000, 0x0000000084700000| Untracked 
|  46|0x0000000084800000, 0x0000000084900000, 0x0000000084900000|100%| O|  |TAMS 0x0000000084800000, 0x0000000084800000| Untracked 
|  47|0x0000000084900000, 0x0000000084a00000, 0x0000000084a00000|100%| O|  |TAMS 0x0000000084900000, 0x0000000084900000| Untracked 
|  48|0x0000000084a00000, 0x0000000084b00000, 0x0000000084b00000|100%| O|  |TAMS 0x0000000084a00000, 0x0000000084a00000| Untracked 
|  49|0x0000000084b00000, 0x0000000084c00000, 0x0000000084c00000|100%| O|  |TAMS 0x0000000084b00000, 0x0000000084b00000| Untracked 
|  50|0x0000000084c00000, 0x0000000084d00000, 0x0000000084d00000|100%| O|  |TAMS 0x0000000084c00000, 0x0000000084c00000| Untracked 
|  51|0x0000000084d00000, 0x0000000084e00000, 0x0000000084e00000|100%| O|  |TAMS 0x0000000084d00000, 0x0000000084d00000| Untracked 
|  52|0x0000000084e00000, 0x0000000084f00000, 0x0000000084f00000|100%| O|  |TAMS 0x0000000084e00000, 0x0000000084e00000| Untracked 
|  53|0x0000000084f00000, 0x0000000084f00000, 0x0000000085000000|  0%| F|  |TAMS 0x0000000084f00000, 0x0000000084f00000| Untracked 
|  54|0x0000000085000000, 0x0000000085000000, 0x0000000085100000|  0%| F|  |TAMS 0x0000000085000000, 0x0000000085000000| Untracked 
|  55|0x0000000085100000, 0x0000000085100000, 0x0000000085200000|  0%| F|  |TAMS 0x0000000085100000, 0x0000000085100000| Untracked 
|  56|0x0000000085200000, 0x0000000085200000, 0x0000000085300000|  0%| F|  |TAMS 0x0000000085200000, 0x0000000085200000| Untracked 
|  57|0x0000000085300000, 0x0000000085300000, 0x0000000085400000|  0%| F|  |TAMS 0x0000000085300000, 0x0000000085300000| Untracked 
|  58|0x0000000085400000, 0x0000000085400000, 0x0000000085500000|  0%| F|  |TAMS 0x0000000085400000, 0x0000000085400000| Untracked 
|  59|0x0000000085500000, 0x0000000085500000, 0x0000000085600000|  0%| F|  |TAMS 0x0000000085500000, 0x0000000085500000| Untracked 
|  60|0x0000000085600000, 0x0000000085600000, 0x0000000085700000|  0%| F|  |TAMS 0x0000000085600000, 0x0000000085600000| Untracked 
|  61|0x0000000085700000, 0x0000000085700000, 0x0000000085800000|  0%| F|  |TAMS 0x0000000085700000, 0x0000000085700000| Untracked 
|  62|0x0000000085800000, 0x0000000085800000, 0x0000000085900000|  0%| F|  |TAMS 0x0000000085800000, 0x0000000085800000| Untracked 
|  63|0x0000000085900000, 0x0000000085900000, 0x0000000085a00000|  0%| F|  |TAMS 0x0000000085900000, 0x0000000085900000| Untracked 
|  64|0x0000000085a00000, 0x0000000085a00000, 0x0000000085b00000|  0%| F|  |TAMS 0x0000000085a00000, 0x0000000085a00000| Untracked 
|  65|0x0000000085b00000, 0x0000000085b00000, 0x0000000085c00000|  0%| F|  |TAMS 0x0000000085b00000, 0x0000000085b00000| Untracked 
|  66|0x0000000085c00000, 0x0000000085c00000, 0x0000000085d00000|  0%| F|  |TAMS 0x0000000085c00000, 0x0000000085c00000| Untracked 
|  67|0x0000000085d00000, 0x0000000085d00000, 0x0000000085e00000|  0%| F|  |TAMS 0x0000000085d00000, 0x0000000085d00000| Untracked 
|  68|0x0000000085e00000, 0x0000000085e00000, 0x0000000085f00000|  0%| F|  |TAMS 0x0000000085e00000, 0x0000000085e00000| Untracked 
|  69|0x0000000085f00000, 0x0000000085f00000, 0x0000000086000000|  0%| F|  |TAMS 0x0000000085f00000, 0x0000000085f00000| Untracked 
|  70|0x0000000086000000, 0x0000000086000000, 0x0000000086100000|  0%| F|  |TAMS 0x0000000086000000, 0x0000000086000000| Untracked 
|  71|0x0000000086100000, 0x0000000086100000, 0x0000000086200000|  0%| F|  |TAMS 0x0000000086100000, 0x0000000086100000| Untracked 
|  72|0x0000000086200000, 0x0000000086200000, 0x0000000086300000|  0%| F|  |TAMS 0x0000000086200000, 0x0000000086200000| Untracked 
|  73|0x0000000086300000, 0x0000000086300000, 0x0000000086400000|  0%| F|  |TAMS 0x0000000086300000, 0x0000000086300000| Untracked 
|  74|0x0000000086400000, 0x0000000086400000, 0x0000000086500000|  0%| F|  |TAMS 0x0000000086400000, 0x0000000086400000| Untracked 
|  75|0x0000000086500000, 0x0000000086500000, 0x0000000086600000|  0%| F|  |TAMS 0x0000000086500000, 0x0000000086500000| Untracked 
|  76|0x0000000086600000, 0x0000000086600000, 0x0000000086700000|  0%| F|  |TAMS 0x0000000086600000, 0x0000000086600000| Untracked 
|  77|0x0000000086700000, 0x0000000086700000, 0x0000000086800000|  0%| F|  |TAMS 0x0000000086700000, 0x0000000086700000| Untracked 
|  78|0x0000000086800000, 0x0000000086800000, 0x0000000086900000|  0%| F|  |TAMS 0x0000000086800000, 0x0000000086800000| Untracked 
|  79|0x0000000086900000, 0x0000000086900000, 0x0000000086a00000|  0%| F|  |TAMS 0x0000000086900000, 0x0000000086900000| Untracked 
|  80|0x0000000086a00000, 0x0000000086a00000, 0x0000000086b00000|  0%| F|  |TAMS 0x0000000086a00000, 0x0000000086a00000| Untracked 
|  81|0x0000000086b00000, 0x0000000086b00000, 0x0000000086c00000|  0%| F|  |TAMS 0x0000000086b00000, 0x0000000086b00000| Untracked 
|  82|0x0000000086c00000, 0x0000000086c00000, 0x0000000086d00000|  0%| F|  |TAMS 0x0000000086c00000, 0x0000000086c00000| Untracked 
|  83|0x0000000086d00000, 0x0000000086d00000, 0x0000000086e00000|  0%| F|  |TAMS 0x0000000086d00000, 0x0000000086d00000| Untracked 
|  84|0x0000000086e00000, 0x0000000086e00000, 0x0000000086f00000|  0%| F|  |TAMS 0x0000000086e00000, 0x0000000086e00000| Untracked 
|  85|0x0000000086f00000, 0x0000000086f00000, 0x0000000087000000|  0%| F|  |TAMS 0x0000000086f00000, 0x0000000086f00000| Untracked 
|  86|0x0000000087000000, 0x0000000087000000, 0x0000000087100000|  0%| F|  |TAMS 0x0000000087000000, 0x0000000087000000| Untracked 
|  87|0x0000000087100000, 0x0000000087100000, 0x0000000087200000|  0%| F|  |TAMS 0x0000000087100000, 0x0000000087100000| Untracked 
|  88|0x0000000087200000, 0x0000000087200000, 0x0000000087300000|  0%| F|  |TAMS 0x0000000087200000, 0x0000000087200000| Untracked 
|  89|0x0000000087300000, 0x0000000087300000, 0x0000000087400000|  0%| F|  |TAMS 0x0000000087300000, 0x0000000087300000| Untracked 
|  90|0x0000000087400000, 0x0000000087400000, 0x0000000087500000|  0%| F|  |TAMS 0x0000000087400000, 0x0000000087400000| Untracked 
|  91|0x0000000087500000, 0x0000000087500000, 0x0000000087600000|  0%| F|  |TAMS 0x0000000087500000, 0x0000000087500000| Untracked 
|  92|0x0000000087600000, 0x0000000087700000, 0x0000000087700000|100%| S|CS|TAMS 0x0000000087600000, 0x0000000087600000| Complete 
|  93|0x0000000087700000, 0x0000000087800000, 0x0000000087800000|100%| S|CS|TAMS 0x0000000087700000, 0x0000000087700000| Complete 
|  94|0x0000000087800000, 0x0000000087900000, 0x0000000087900000|100%| S|CS|TAMS 0x0000000087800000, 0x0000000087800000| Complete 
|  95|0x0000000087900000, 0x0000000087a00000, 0x0000000087a00000|100%| S|CS|TAMS 0x0000000087900000, 0x0000000087900000| Complete 
|  96|0x0000000087a00000, 0x0000000087b00000, 0x0000000087b00000|100%| S|CS|TAMS 0x0000000087a00000, 0x0000000087a00000| Complete 
|  97|0x0000000087b00000, 0x0000000087b00000, 0x0000000087c00000|  0%| F|  |TAMS 0x0000000087b00000, 0x0000000087b00000| Untracked 
|  98|0x0000000087c00000, 0x0000000087c00000, 0x0000000087d00000|  0%| F|  |TAMS 0x0000000087c00000, 0x0000000087c00000| Untracked 
|  99|0x0000000087d00000, 0x0000000087d00000, 0x0000000087e00000|  0%| F|  |TAMS 0x0000000087d00000, 0x0000000087d00000| Untracked 
| 100|0x0000000087e00000, 0x0000000087e00000, 0x0000000087f00000|  0%| F|  |TAMS 0x0000000087e00000, 0x0000000087e00000| Untracked 
| 101|0x0000000087f00000, 0x0000000087f00000, 0x0000000088000000|  0%| F|  |TAMS 0x0000000087f00000, 0x0000000087f00000| Untracked 
| 102|0x0000000088000000, 0x0000000088000000, 0x0000000088100000|  0%| F|  |TAMS 0x0000000088000000, 0x0000000088000000| Untracked 
| 103|0x0000000088100000, 0x0000000088100000, 0x0000000088200000|  0%| F|  |TAMS 0x0000000088100000, 0x0000000088100000| Untracked 
| 104|0x0000000088200000, 0x0000000088200000, 0x0000000088300000|  0%| F|  |TAMS 0x0000000088200000, 0x0000000088200000| Untracked 
| 105|0x0000000088300000, 0x0000000088300000, 0x0000000088400000|  0%| F|  |TAMS 0x0000000088300000, 0x0000000088300000| Untracked 
| 106|0x0000000088400000, 0x0000000088400000, 0x0000000088500000|  0%| F|  |TAMS 0x0000000088400000, 0x0000000088400000| Untracked 
| 107|0x0000000088500000, 0x0000000088500000, 0x0000000088600000|  0%| F|  |TAMS 0x0000000088500000, 0x0000000088500000| Untracked 
| 108|0x0000000088600000, 0x0000000088600000, 0x0000000088700000|  0%| F|  |TAMS 0x0000000088600000, 0x0000000088600000| Untracked 
| 109|0x0000000088700000, 0x0000000088700000, 0x0000000088800000|  0%| F|  |TAMS 0x0000000088700000, 0x0000000088700000| Untracked 
| 110|0x0000000088800000, 0x0000000088800000, 0x0000000088900000|  0%| F|  |TAMS 0x0000000088800000, 0x0000000088800000| Untracked 
| 111|0x0000000088900000, 0x0000000088900000, 0x0000000088a00000|  0%| F|  |TAMS 0x0000000088900000, 0x0000000088900000| Untracked 
| 112|0x0000000088a00000, 0x0000000088a00000, 0x0000000088b00000|  0%| F|  |TAMS 0x0000000088a00000, 0x0000000088a00000| Untracked 
| 113|0x0000000088b00000, 0x0000000088b00000, 0x0000000088c00000|  0%| F|  |TAMS 0x0000000088b00000, 0x0000000088b00000| Untracked 
| 114|0x0000000088c00000, 0x0000000088c00000, 0x0000000088d00000|  0%| F|  |TAMS 0x0000000088c00000, 0x0000000088c00000| Untracked 
| 115|0x0000000088d00000, 0x0000000088d00000, 0x0000000088e00000|  0%| F|  |TAMS 0x0000000088d00000, 0x0000000088d00000| Untracked 
| 116|0x0000000088e00000, 0x0000000088e00000, 0x0000000088f00000|  0%| F|  |TAMS 0x0000000088e00000, 0x0000000088e00000| Untracked 
| 117|0x0000000088f00000, 0x0000000088f00000, 0x0000000089000000|  0%| F|  |TAMS 0x0000000088f00000, 0x0000000088f00000| Untracked 
| 118|0x0000000089000000, 0x0000000089100000, 0x0000000089100000|100%| E|  |TAMS 0x0000000089000000, 0x0000000089000000| Complete 
| 119|0x0000000089100000, 0x0000000089200000, 0x0000000089200000|100%| E|CS|TAMS 0x0000000089100000, 0x0000000089100000| Complete 
| 120|0x0000000089200000, 0x0000000089300000, 0x0000000089300000|100%| E|CS|TAMS 0x0000000089200000, 0x0000000089200000| Complete 
| 121|0x0000000089300000, 0x0000000089400000, 0x0000000089400000|100%| E|CS|TAMS 0x0000000089300000, 0x0000000089300000| Complete 
| 122|0x0000000089400000, 0x0000000089500000, 0x0000000089500000|100%| E|CS|TAMS 0x0000000089400000, 0x0000000089400000| Complete 
| 123|0x0000000089500000, 0x0000000089600000, 0x0000000089600000|100%| E|CS|TAMS 0x0000000089500000, 0x0000000089500000| Complete 
| 124|0x0000000089600000, 0x0000000089700000, 0x0000000089700000|100%| E|CS|TAMS 0x0000000089600000, 0x0000000089600000| Complete 
| 125|0x0000000089700000, 0x0000000089800000, 0x0000000089800000|100%| E|CS|TAMS 0x0000000089700000, 0x0000000089700000| Complete 
| 126|0x0000000089800000, 0x0000000089900000, 0x0000000089900000|100%| E|CS|TAMS 0x0000000089800000, 0x0000000089800000| Complete 
| 127|0x0000000089900000, 0x0000000089a00000, 0x0000000089a00000|100%| E|CS|TAMS 0x0000000089900000, 0x0000000089900000| Complete 
| 128|0x0000000089a00000, 0x0000000089b00000, 0x0000000089b00000|100%| E|CS|TAMS 0x0000000089a00000, 0x0000000089a00000| Complete 
| 129|0x0000000089b00000, 0x0000000089c00000, 0x0000000089c00000|100%| E|CS|TAMS 0x0000000089b00000, 0x0000000089b00000| Complete 
| 130|0x0000000089c00000, 0x0000000089d00000, 0x0000000089d00000|100%| E|CS|TAMS 0x0000000089c00000, 0x0000000089c00000| Complete 
| 131|0x0000000089d00000, 0x0000000089e00000, 0x0000000089e00000|100%| E|CS|TAMS 0x0000000089d00000, 0x0000000089d00000| Complete 
| 132|0x0000000089e00000, 0x0000000089f00000, 0x0000000089f00000|100%| E|CS|TAMS 0x0000000089e00000, 0x0000000089e00000| Complete 
| 133|0x0000000089f00000, 0x000000008a000000, 0x000000008a000000|100%| E|CS|TAMS 0x0000000089f00000, 0x0000000089f00000| Complete 
| 134|0x000000008a000000, 0x000000008a100000, 0x000000008a100000|100%| E|CS|TAMS 0x000000008a000000, 0x000000008a000000| Complete 
| 135|0x000000008a100000, 0x000000008a200000, 0x000000008a200000|100%| E|CS|TAMS 0x000000008a100000, 0x000000008a100000| Complete 
| 136|0x000000008a200000, 0x000000008a300000, 0x000000008a300000|100%| E|CS|TAMS 0x000000008a200000, 0x000000008a200000| Complete 
| 137|0x000000008a300000, 0x000000008a400000, 0x000000008a400000|100%| E|CS|TAMS 0x000000008a300000, 0x000000008a300000| Complete 
| 138|0x000000008a400000, 0x000000008a500000, 0x000000008a500000|100%| E|CS|TAMS 0x000000008a400000, 0x000000008a400000| Complete 
| 139|0x000000008a500000, 0x000000008a600000, 0x000000008a600000|100%| E|CS|TAMS 0x000000008a500000, 0x000000008a500000| Complete 
| 140|0x000000008a600000, 0x000000008a700000, 0x000000008a700000|100%| E|CS|TAMS 0x000000008a600000, 0x000000008a600000| Complete 
| 141|0x000000008a700000, 0x000000008a800000, 0x000000008a800000|100%| E|CS|TAMS 0x000000008a700000, 0x000000008a700000| Complete 
| 142|0x000000008a800000, 0x000000008a900000, 0x000000008a900000|100%| E|CS|TAMS 0x000000008a800000, 0x000000008a800000| Complete 
| 143|0x000000008a900000, 0x000000008aa00000, 0x000000008aa00000|100%| E|CS|TAMS 0x000000008a900000, 0x000000008a900000| Complete 
| 144|0x000000008aa00000, 0x000000008ab00000, 0x000000008ab00000|100%| E|CS|TAMS 0x000000008aa00000, 0x000000008aa00000| Complete 
| 145|0x000000008ab00000, 0x000000008ac00000, 0x000000008ac00000|100%| E|CS|TAMS 0x000000008ab00000, 0x000000008ab00000| Complete 
| 146|0x000000008ac00000, 0x000000008ad00000, 0x000000008ad00000|100%| E|CS|TAMS 0x000000008ac00000, 0x000000008ac00000| Complete 
| 147|0x000000008ad00000, 0x000000008ae00000, 0x000000008ae00000|100%| E|CS|TAMS 0x000000008ad00000, 0x000000008ad00000| Complete 
| 148|0x000000008ae00000, 0x000000008af00000, 0x000000008af00000|100%| E|CS|TAMS 0x000000008ae00000, 0x000000008ae00000| Complete 
| 149|0x000000008af00000, 0x000000008b000000, 0x000000008b000000|100%| E|CS|TAMS 0x000000008af00000, 0x000000008af00000| Complete 
| 150|0x000000008b000000, 0x000000008b100000, 0x000000008b100000|100%| E|CS|TAMS 0x000000008b000000, 0x000000008b000000| Complete 
| 151|0x000000008b100000, 0x000000008b200000, 0x000000008b200000|100%| E|CS|TAMS 0x000000008b100000, 0x000000008b100000| Complete 
| 152|0x000000008b200000, 0x000000008b300000, 0x000000008b300000|100%| E|CS|TAMS 0x000000008b200000, 0x000000008b200000| Complete 
| 153|0x000000008b300000, 0x000000008b400000, 0x000000008b400000|100%| E|CS|TAMS 0x000000008b300000, 0x000000008b300000| Complete 

Card table byte_map: [0x000001a8617b0000,0x000001a861bb0000] _byte_map_base: 0x000001a8613a3000

Marking Bits (Prev, Next): (CMBitMap*) 0x000001a84e2c7b10, (CMBitMap*) 0x000001a84e2c7ad8
 Prev Bits: [0x000001a863f50000, 0x000001a865ee8000)
 Next Bits: [0x000001a861fb0000, 0x000001a863f48000)

Polling page: 0x000001a84cc30000

Metaspace:

Usage:
  Non-class:     63.26 MB capacity,    62.71 MB (>99%) used,   447.09 KB ( <1%) free+waste,   118.19 KB ( <1%) overhead. 
      Class:      8.23 MB capacity,     7.91 MB ( 96%) used,   276.69 KB (  3%) free+waste,    50.25 KB ( <1%) overhead. 
       Both:     71.49 MB capacity,    70.62 MB ( 99%) used,   723.78 KB ( <1%) free+waste,   168.44 KB ( <1%) overhead. 

Virtual space:
  Non-class space:       64.00 MB reserved,      63.50 MB (>99%) committed 
      Class space:        1.00 GB reserved,       8.25 MB ( <1%) committed 
             Both:        1.06 GB reserved,      71.75 MB (  7%) committed 

Chunk freelists:
   Non-Class:  52.00 KB
       Class:  22.00 KB
        Both:  74.00 KB

MaxMetaspaceSize: 17179869184.00 GB
CompressedClassSpaceSize: 1.00 GB

CodeHeap 'non-profiled nmethods': size=120064Kb used=3316Kb max_used=3316Kb free=116747Kb
 bounds [0x000001a859840000, 0x000001a859b80000, 0x000001a860d80000]
CodeHeap 'profiled nmethods': size=120000Kb used=26249Kb max_used=26249Kb free=93751Kb
 bounds [0x000001a852310000, 0x000001a853cc0000, 0x000001a859840000]
CodeHeap 'non-nmethods': size=5696Kb used=1266Kb max_used=1290Kb free=4429Kb
 bounds [0x000001a851d80000, 0x000001a851ff0000, 0x000001a852310000]
 total_blobs=10362 nmethods=9723 adapters=548
 compilation: enabled
              stopped_count=0, restarted_count=0
 full_count=0

Compilation events (20 events):
Event: 16.337 Thread 0x000001a868559800 9778       1       org.jetbrains.kotlin.load.java.lazy.descriptors.LazyJavaClassDescriptor::isCompanionObject (2 bytes)
Event: 16.337 Thread 0x000001a868559800 nmethod 9778 0x000001a859b7b110 code [0x000001a859b7b2c0, 0x000001a859b7b378]
Event: 16.337 Thread 0x000001a868559800 9779       1       org.jetbrains.kotlin.ir.util.IdSignature$PublicSignature::getPackageFqName (5 bytes)
Event: 16.337 Thread 0x000001a868559800 nmethod 9779 0x000001a859b7b410 code [0x000001a859b7b5c0, 0x000001a859b7b678]
Event: 16.337 Thread 0x000001a868559800 9781       1       org.jetbrains.kotlin.ir.backend.jvm.serialization.JvmIrLinker::access$getStubGenerator$p (5 bytes)
Event: 16.337 Thread 0x000001a868559800 nmethod 9781 0x000001a859b7b710 code [0x000001a859b7b8c0, 0x000001a859b7b958]
Event: 16.337 Thread 0x000001a868559800 9782       1       org.jetbrains.kotlin.psi2ir.generators.DeclarationStubGeneratorImpl::getTypeTranslator (5 bytes)
Event: 16.337 Thread 0x000001a868559800 nmethod 9782 0x000001a859b7ba10 code [0x000001a859b7bbc0, 0x000001a859b7bc78]
Event: 16.337 Thread 0x000001a868559800 9783       1       org.jetbrains.kotlin.ir.declarations.lazy.IrLazyClass::getSymbol (5 bytes)
Event: 16.337 Thread 0x000001a868559800 nmethod 9783 0x000001a859b7bd10 code [0x000001a859b7bec0, 0x000001a859b7bf78]
Event: 16.337 Thread 0x000001a868559800 9784       1       org.jetbrains.kotlin.load.java.lazy.descriptors.LazyJavaClassDescriptor::isData (2 bytes)
Event: 16.338 Thread 0x000001a868559800 nmethod 9784 0x000001a859b7c010 code [0x000001a859b7c1c0, 0x000001a859b7c278]
Event: 16.345 Thread 0x000001a868559800 9785       2       org.jetbrains.kotlin.types.typesApproximation.CapturedTypeApproximationKt$approximateCapturedTypesIfNecessary$1::invoke (9 bytes)
Event: 16.345 Thread 0x000001a868559800 nmethod 9785 0x000001a853c9c410 code [0x000001a853c9c620, 0x000001a853c9c9b8]
Event: 16.345 Thread 0x000001a868559800 9786       2       org.jetbrains.kotlin.types.typesApproximation.CapturedTypeApproximationKt$approximateCapturedTypesIfNecessary$1::invoke (17 bytes)
Event: 16.346 Thread 0x000001a868559800 nmethod 9786 0x000001a853c9cc10 code [0x000001a853c9ce20, 0x000001a853c9d178]
Event: 16.349 Thread 0x000001a868559800 9788       2       org.jetbrains.kotlin.ir.declarations.IrClass::<init> (5 bytes)
Event: 16.349 Thread 0x000001a868559800 nmethod 9788 0x000001a853c9d390 code [0x000001a853c9d540, 0x000001a853c9d638]
Event: 16.350 Thread 0x000001a868559800 9789       1       org.jetbrains.kotlin.builtins.functions.FunctionClassDescriptor::isExpect (2 bytes)
Event: 16.350 Thread 0x000001a868559800 nmethod 9789 0x000001a859b7c310 code [0x000001a859b7c4c0, 0x000001a859b7c578]

GC Heap History (18 events):
Event: 3.791 GC heap before
{Heap before GC invocations=0 (full 0):
 garbage-first heap   total 131072K, used 17408K [0x0000000081a00000, 0x0000000100000000)
  region size 1024K, 14 young (14336K), 0 survivors (0K)
 Metaspace       used 9804K, capacity 9935K, committed 10112K, reserved 1058816K
  class space    used 834K, capacity 884K, committed 896K, reserved 1048576K
}
Event: 3.802 GC heap after
{Heap after GC invocations=1 (full 0):
 garbage-first heap   total 131072K, used 5195K [0x0000000081a00000, 0x0000000100000000)
  region size 1024K, 2 young (2048K), 2 survivors (2048K)
 Metaspace       used 9804K, capacity 9935K, committed 10112K, reserved 1058816K
  class space    used 834K, capacity 884K, committed 896K, reserved 1048576K
}
Event: 6.252 GC heap before
{Heap before GC invocations=1 (full 0):
 garbage-first heap   total 131072K, used 51275K [0x0000000081a00000, 0x0000000100000000)
  region size 1024K, 48 young (49152K), 2 survivors (2048K)
 Metaspace       used 20971K, capacity 21184K, committed 21248K, reserved 1069056K
  class space    used 2185K, capacity 2291K, committed 2304K, reserved 1048576K
}
Event: 6.269 GC heap after
{Heap after GC invocations=2 (full 0):
 garbage-first heap   total 131072K, used 9524K [0x0000000081a00000, 0x0000000100000000)
  region size 1024K, 7 young (7168K), 7 survivors (7168K)
 Metaspace       used 20971K, capacity 21184K, committed 21248K, reserved 1069056K
  class space    used 2185K, capacity 2291K, committed 2304K, reserved 1048576K
}
Event: 7.511 GC heap before
{Heap before GC invocations=3 (full 0):
 garbage-first heap   total 131072K, used 66868K [0x0000000081a00000, 0x0000000100000000)
  region size 1024K, 55 young (56320K), 7 survivors (7168K)
 Metaspace       used 31154K, capacity 31574K, committed 31744K, reserved 1077248K
  class space    used 3653K, capacity 3809K, committed 3840K, reserved 1048576K
}
Event: 7.537 GC heap after
{Heap after GC invocations=4 (full 0):
 garbage-first heap   total 131072K, used 22303K [0x0000000081a00000, 0x0000000100000000)
  region size 1024K, 7 young (7168K), 7 survivors (7168K)
 Metaspace       used 31154K, capacity 31574K, committed 31744K, reserved 1077248K
  class space    used 3653K, capacity 3809K, committed 3840K, reserved 1048576K
}
Event: 7.994 GC heap before
{Heap before GC invocations=4 (full 0):
 garbage-first heap   total 131072K, used 43807K [0x0000000081a00000, 0x0000000100000000)
  region size 1024K, 25 young (25600K), 7 survivors (7168K)
 Metaspace       used 35312K, capacity 35713K, committed 35840K, reserved 1081344K
  class space    used 4324K, capacity 4484K, committed 4608K, reserved 1048576K
}
Event: 8.008 GC heap after
{Heap after GC invocations=5 (full 0):
 garbage-first heap   total 131072K, used 25858K [0x0000000081a00000, 0x0000000100000000)
  region size 1024K, 2 young (2048K), 2 survivors (2048K)
 Metaspace       used 35312K, capacity 35713K, committed 35840K, reserved 1081344K
  class space    used 4324K, capacity 4484K, committed 4608K, reserved 1048576K
}
Event: 9.574 GC heap before
{Heap before GC invocations=6 (full 0):
 garbage-first heap   total 131072K, used 88322K [0x0000000081a00000, 0x0000000100000000)
  region size 1024K, 61 young (62464K), 2 survivors (2048K)
 Metaspace       used 47502K, capacity 48032K, committed 48384K, reserved 1091584K
  class space    used 5575K, capacity 5786K, committed 5888K, reserved 1048576K
}
Event: 9.595 GC heap after
{Heap after GC invocations=7 (full 0):
 garbage-first heap   total 131072K, used 30655K [0x0000000081a00000, 0x0000000100000000)
  region size 1024K, 7 young (7168K), 7 survivors (7168K)
 Metaspace       used 47502K, capacity 48032K, committed 48384K, reserved 1091584K
  class space    used 5575K, capacity 5786K, committed 5888K, reserved 1048576K
}
Event: 10.343 GC heap before
{Heap before GC invocations=8 (full 0):
 garbage-first heap   total 131072K, used 92095K [0x0000000081a00000, 0x0000000100000000)
  region size 1024K, 66 young (67584K), 7 survivors (7168K)
 Metaspace       used 51316K, capacity 51851K, committed 52096K, reserved 1095680K
  class space    used 5949K, capacity 6159K, committed 6272K, reserved 1048576K
}
Event: 10.369 GC heap after
{Heap after GC invocations=9 (full 0):
 garbage-first heap   total 131072K, used 37323K [0x0000000081a00000, 0x0000000100000000)
  region size 1024K, 7 young (7168K), 7 survivors (7168K)
 Metaspace       used 51316K, capacity 51851K, committed 52096K, reserved 1095680K
  class space    used 5949K, capacity 6159K, committed 6272K, reserved 1048576K
}
Event: 11.876 GC heap before
{Heap before GC invocations=9 (full 0):
 garbage-first heap   total 131072K, used 94667K [0x0000000081a00000, 0x0000000100000000)
  region size 1024K, 63 young (64512K), 7 survivors (7168K)
 Metaspace       used 56547K, capacity 57180K, committed 57472K, reserved 1099776K
  class space    used 6419K, capacity 6673K, committed 6784K, reserved 1048576K
}
Event: 11.907 GC heap after
{Heap after GC invocations=10 (full 0):
 garbage-first heap   total 131072K, used 46789K [0x0000000081a00000, 0x0000000100000000)
  region size 1024K, 8 young (8192K), 8 survivors (8192K)
 Metaspace       used 56547K, capacity 57180K, committed 57472K, reserved 1099776K
  class space    used 6419K, capacity 6673K, committed 6784K, reserved 1048576K
}
Event: 13.347 GC heap before
{Heap before GC invocations=10 (full 0):
 garbage-first heap   total 131072K, used 97989K [0x0000000081a00000, 0x0000000100000000)
  region size 1024K, 58 young (59392K), 8 survivors (8192K)
 Metaspace       used 62522K, capacity 63268K, committed 63360K, reserved 1105920K
  class space    used 7226K, capacity 7549K, committed 7552K, reserved 1048576K
}
Event: 13.379 GC heap after
{Heap after GC invocations=11 (full 0):
 garbage-first heap   total 157696K, used 54149K [0x0000000081a00000, 0x0000000100000000)
  region size 1024K, 7 young (7168K), 7 survivors (7168K)
 Metaspace       used 62522K, capacity 63268K, committed 63360K, reserved 1105920K
  class space    used 7226K, capacity 7549K, committed 7552K, reserved 1048576K
}
Event: 15.573 GC heap before
{Heap before GC invocations=11 (full 0):
 garbage-first heap   total 157696K, used 112517K [0x0000000081a00000, 0x0000000100000000)
  region size 1024K, 64 young (65536K), 7 survivors (7168K)
 Metaspace       used 70581K, capacity 71478K, committed 71808K, reserved 1112064K
  class space    used 7916K, capacity 8234K, committed 8320K, reserved 1048576K
}
Event: 15.596 GC heap after
{Heap after GC invocations=12 (full 0):
 garbage-first heap   total 157696K, used 59392K [0x0000000081a00000, 0x0000000100000000)
  region size 1024K, 5 young (5120K), 5 survivors (5120K)
 Metaspace       used 70581K, capacity 71478K, committed 71808K, reserved 1112064K
  class space    used 7916K, capacity 8234K, committed 8320K, reserved 1048576K
}

Deoptimization events (20 events):
Event: 16.147 Thread 0x000001a84e289000 DEOPT PACKING pc=0x000001a859b681f8 sp=0x000000468b6fca00
Event: 16.147 Thread 0x000001a84e289000 DEOPT UNPACKING pc=0x000001a851da78af sp=0x000000468b6fc9d8 mode 2
Event: 16.180 Thread 0x000001a84e289000 DEOPT PACKING pc=0x000001a85309f884 sp=0x000000468b6fdc60
Event: 16.180 Thread 0x000001a84e289000 DEOPT UNPACKING pc=0x000001a851da76ce sp=0x000000468b6fd158 mode 0
Event: 16.325 Thread 0x000001a84e289000 Uncommon trap: trap_request=0xffffffde fr.pc=0x000001a8599da3d0 relative=0x00000000000005b0
Event: 16.325 Thread 0x000001a84e289000 Uncommon trap: reason=class_check action=maybe_recompile pc=0x000001a8599da3d0 method=java.util.regex.Matcher.search(I)Z @ 121 c2
Event: 16.325 Thread 0x000001a84e289000 DEOPT PACKING pc=0x000001a8599da3d0 sp=0x000000468b6fe460
Event: 16.325 Thread 0x000001a84e289000 DEOPT UNPACKING pc=0x000001a851da78af sp=0x000000468b6fe420 mode 2
Event: 16.332 Thread 0x000001a84e289000 Uncommon trap: trap_request=0xffffffde fr.pc=0x000001a8599da3d0 relative=0x00000000000005b0
Event: 16.332 Thread 0x000001a84e289000 Uncommon trap: reason=class_check action=maybe_recompile pc=0x000001a8599da3d0 method=java.util.regex.Matcher.search(I)Z @ 121 c2
Event: 16.332 Thread 0x000001a84e289000 DEOPT PACKING pc=0x000001a8599da3d0 sp=0x000000468b6fe460
Event: 16.332 Thread 0x000001a84e289000 DEOPT UNPACKING pc=0x000001a851da78af sp=0x000000468b6fe420 mode 2
Event: 16.332 Thread 0x000001a84e289000 Uncommon trap: trap_request=0xffffffde fr.pc=0x000001a8599da3d0 relative=0x00000000000005b0
Event: 16.332 Thread 0x000001a84e289000 Uncommon trap: reason=class_check action=maybe_recompile pc=0x000001a8599da3d0 method=java.util.regex.Matcher.search(I)Z @ 121 c2
Event: 16.332 Thread 0x000001a84e289000 DEOPT PACKING pc=0x000001a8599da3d0 sp=0x000000468b6fe460
Event: 16.332 Thread 0x000001a84e289000 DEOPT UNPACKING pc=0x000001a851da78af sp=0x000000468b6fe420 mode 2
Event: 16.332 Thread 0x000001a84e289000 Uncommon trap: trap_request=0xffffffde fr.pc=0x000001a8599da3d0 relative=0x00000000000005b0
Event: 16.332 Thread 0x000001a84e289000 Uncommon trap: reason=class_check action=maybe_recompile pc=0x000001a8599da3d0 method=java.util.regex.Matcher.search(I)Z @ 121 c2
Event: 16.333 Thread 0x000001a84e289000 DEOPT PACKING pc=0x000001a8599da3d0 sp=0x000000468b6fe460
Event: 16.333 Thread 0x000001a84e289000 DEOPT UNPACKING pc=0x000001a851da78af sp=0x000000468b6fe420 mode 2

Classes redefined (0 events):
No events

Internal exceptions (20 events):
Event: 10.521 Thread 0x000001a84e289000 Exception <a 'java/lang/NoSuchMethodError'{0x000000008941c558}: 'java.lang.Object java.lang.invoke.Invokers$Holder.linkToTargetMethod(java.lang.Object, java.lang.Object, java.lang.Object, java.lang.Object, java.lang.Object, java.lang.Object, java.lang.Object, java.lang.Object)'> (0x000000008941c558) thrown at [./src/hotspot/share/interpreter/linkResolver.cpp, line 773]
Event: 10.719 Thread 0x000001a84e289000 Implicit null exception at 0x000001a8599ab82f to 0x000001a8599ab85c
Event: 10.786 Thread 0x000001a84e289000 Exception <a 'java/lang/NoSuchMethodError'{0x0000000088a17258}: 'java.lang.Object java.lang.invoke.DirectMethodHandle$Holder.invokeStaticInit(java.lang.Object, java.lang.Object, java.lang.Object)'> (0x0000000088a17258) thrown at [./src/hotspot/share/interpreter/linkResolver.cpp, line 773]
Event: 11.675 Thread 0x000001a84e289000 Exception <a 'java/lang/NoSuchMethodError'{0x0000000086a2fc00}: 'int java.lang.invoke.DirectMethodHandle$Holder.invokeStaticInit(java.lang.Object, int)'> (0x0000000086a2fc00) thrown at [./src/hotspot/share/interpreter/linkResolver.cpp, line 773]
Event: 11.838 Thread 0x000001a84e289000 Exception <a 'java/lang/NoSuchMethodError'{0x00000000864e9ea8}: 'java.lang.Object java.lang.invoke.DirectMethodHandle$Holder.invokeStatic(java.lang.Object, int, java.lang.Object, java.lang.Object)'> (0x00000000864e9ea8) thrown at [./src/hotspot/share/interpreter/linkResolver.cpp, line 773]
Event: 11.840 Thread 0x000001a84e289000 Exception <a 'java/lang/NoSuchMethodError'{0x00000000864f43a8}: 'int java.lang.invoke.DirectMethodHandle$Holder.invokeInterface(java.lang.Object, java.lang.Object)'> (0x00000000864f43a8) thrown at [./src/hotspot/share/interpreter/linkResolver.cpp, line 773]
Event: 12.056 Thread 0x000001a84e289000 Implicit null exception at 0x000001a85989e2de to 0x000001a85989ea4a
Event: 12.056 Thread 0x000001a84e289000 Implicit null exception at 0x000001a8599298af to 0x000001a85992991d
Event: 12.103 Thread 0x000001a84e289000 Exception <a 'java/lang/NoSuchMethodError'{0x0000000088a9aac0}: 'java.lang.Object java.lang.invoke.Invokers$Holder.linkToTargetMethod(java.lang.Object, java.lang.Object, java.lang.Object, int, int, java.lang.Object)'> (0x0000000088a9aac0) thrown at [./src/hotspot/share/interpreter/linkResolver.cpp, line 773]
Event: 12.120 Thread 0x000001a84e289000 Exception <a 'java/lang/NoSuchMethodError'{0x0000000088af3020}: 'java.lang.Object java.lang.invoke.Invokers$Holder.linkToTargetMethod(java.lang.Object, java.lang.Object, java.lang.Object, java.lang.Object, java.lang.Object, java.lang.Object, java.lang.Object)'> (0x0000000088af3020) thrown at [./src/hotspot/share/interpreter/linkResolver.cpp, line 773]
Event: 12.295 Thread 0x000001a84e289000 Implicit null exception at 0x000001a859859974 to 0x000001a859859e88
Event: 12.589 Thread 0x000001a84e289000 Exception <a 'java/lang/NoSuchMethodError'{0x0000000087bc5ef0}: 'int java.lang.invoke.DirectMethodHandle$Holder.invokeVirtual(java.lang.Object, java.lang.Object, java.lang.Object)'> (0x0000000087bc5ef0) thrown at [./src/hotspot/share/interpreter/linkResolver.cpp, line 773]
Event: 12.711 Thread 0x000001a84e289000 Exception <a 'java/lang/NoSuchMethodError'{0x00000000877972b0}: 'java.lang.Object java.lang.invoke.DirectMethodHandle$Holder.invokeSpecial(java.lang.Object, java.lang.Object, java.lang.Object, java.lang.Object, java.lang.Object, int)'> (0x00000000877972b0) thrown at [./src/hotspot/share/interpreter/linkResolver.cpp, line 773]
Event: 12.711 Thread 0x000001a84e289000 Exception <a 'java/lang/NoSuchMethodError'{0x000000008779b0f8}: 'java.lang.Object java.lang.invoke.Invokers$Holder.linkToTargetMethod(java.lang.Object, java.lang.Object, java.lang.Object, int, java.lang.Object)'> (0x000000008779b0f8) thrown at [./src/hotspot/share/interpreter/linkResolver.cpp, line 773]
Event: 12.850 Thread 0x000001a84e289000 Exception <a 'java/lang/IncompatibleClassChangeError'{0x00000000874f9e80}: Found class java.lang.Object, but interface was expected> (0x00000000874f9e80) thrown at [./src/hotspot/share/interpreter/linkResolver.cpp, line 839]
Event: 12.859 Thread 0x000001a84e289000 Exception <a 'java/lang/NoSuchMethodError'{0x000000008731e438}: 'java.lang.Object java.lang.invoke.DirectMethodHandle$Holder.invokeInterface(java.lang.Object, java.lang.Object, java.lang.Object)'> (0x000000008731e438) thrown at [./src/hotspot/share/interpreter/linkResolver.cpp, line 773]
Event: 12.860 Thread 0x000001a84e289000 Exception <a 'java/lang/IncompatibleClassChangeError'{0x0000000087321668}: Found class java.lang.Object, but interface was expected> (0x0000000087321668) thrown at [./src/hotspot/share/interpreter/linkResolver.cpp, line 839]
Event: 14.368 Thread 0x000001a84e289000 Implicit null exception at 0x000001a85989c0f5 to 0x000001a85989c2bc
Event: 14.709 Thread 0x000001a84e289000 Implicit null exception at 0x000001a859a966d2 to 0x000001a859a96997
Event: 16.046 Thread 0x000001a84e289000 Implicit null exception at 0x000001a8598a8bf4 to 0x000001a8598a8e0c

Events (20 events):
Event: 16.343 loading class org/jetbrains/kotlin/ir/descriptors/IrFunctionFactory$createMembers$invokeSymbol$1
Event: 16.343 loading class org/jetbrains/kotlin/ir/descriptors/IrFunctionFactory$createMembers$invokeSymbol$1 done
Event: 16.343 loading class org/jetbrains/kotlin/builtins/functions/FunctionClassScope$WhenMappings
Event: 16.343 loading class org/jetbrains/kotlin/builtins/functions/FunctionClassScope$WhenMappings done
Event: 16.344 loading class org/jetbrains/kotlin/builtins/functions/FunctionInvokeDescriptor$Factory
Event: 16.344 loading class org/jetbrains/kotlin/builtins/functions/FunctionInvokeDescriptor$Factory done
Event: 16.345 loading class org/jetbrains/kotlin/resolve/scopes/GivenFunctionsMemberScope$createFakeOverrides$4
Event: 16.345 loading class org/jetbrains/kotlin/resolve/scopes/GivenFunctionsMemberScope$createFakeOverrides$4 done
Event: 16.346 loading class org/jetbrains/kotlin/ir/descriptors/IrFunctionFactory$addFakeOverrides$createFakeOverrideFunction$newFunction$1
Event: 16.346 loading class org/jetbrains/kotlin/ir/descriptors/IrFunctionFactory$addFakeOverrides$createFakeOverrideFunction$newFunction$1 done
Event: 16.349 loading class org/jetbrains/kotlin/backend/common/serialization/IrModuleDeserializerWithBuiltIns$resolveFunctionalInterface$functionClass$3
Event: 16.349 loading class org/jetbrains/kotlin/backend/common/serialization/IrModuleDeserializerWithBuiltIns$resolveFunctionalInterface$functionClass$3 done
Event: 16.349 loading class org/jetbrains/kotlin/ir/descriptors/IrFunctionFactory$suspendFunctionN$1$1
Event: 16.349 loading class org/jetbrains/kotlin/ir/descriptors/IrFunctionFactory$suspendFunctionN$1$1 done
Event: 16.350 loading class org/jetbrains/kotlin/backend/common/serialization/IrModuleDeserializerWithBuiltIns$resolveFunctionalInterface$functionClass$3$1
Event: 16.350 loading class org/jetbrains/kotlin/backend/common/serialization/IrModuleDeserializerWithBuiltIns$resolveFunctionalInterface$functionClass$3$1 done
Event: 16.351 loading class org/jetbrains/kotlin/ir/util/DeclarationStubGenerator$generateConstructorStub$1
Event: 16.351 loading class org/jetbrains/kotlin/ir/util/DeclarationStubGenerator$generateConstructorStub$1 done
Event: 16.352 loading class org/jetbrains/kotlin/ir/declarations/lazy/IrLazyConstructor
Event: 16.352 loading class org/jetbrains/kotlin/ir/declarations/lazy/IrLazyConstructor done


Dynamic libraries:
0x00007ff7414e0000 - 0x00007ff7414ea000 	C:\Program Files\Android\Android Studio\jre\bin\java.exe
0x00007ff800bf0000 - 0x00007ff800de5000 	C:\Windows\SYSTEM32\ntdll.dll
0x00007ffffec30000 - 0x00007ffffecee000 	C:\Windows\System32\KERNEL32.DLL
0x00007ffffe410000 - 0x00007ffffe6d8000 	C:\Windows\System32\KERNELBASE.dll
0x00007ffffea80000 - 0x00007ffffeb80000 	C:\Windows\System32\ucrtbase.dll
0x00007ffff47c0000 - 0x00007ffff47d9000 	C:\Program Files\Android\Android Studio\jre\bin\jli.dll
0x00007ff800a00000 - 0x00007ff800ba1000 	C:\Windows\System32\USER32.dll
0x00007ffffe920000 - 0x00007ffffe942000 	C:\Windows\System32\win32u.dll
0x00007ff800390000 - 0x00007ff8003bb000 	C:\Windows\System32\GDI32.dll
0x00007ffffe300000 - 0x00007ffffe40b000 	C:\Windows\System32\gdi32full.dll
0x00007ffffe950000 - 0x00007ffffe9ed000 	C:\Windows\System32\msvcp_win.dll
0x00007fffeb550000 - 0x00007fffeb7ea000 	C:\Windows\WinSxS\amd64_microsoft.windows.common-controls_6595b64144ccf1df_6.0.19041.1110_none_60b5254171f9507e\COMCTL32.dll
0x00007ff8002d0000 - 0x00007ff80036e000 	C:\Windows\System32\msvcrt.dll
0x00007fffd7330000 - 0x00007fffd7347000 	C:\Program Files\Android\Android Studio\jre\bin\VCRUNTIME140.dll
0x00007ff8002a0000 - 0x00007ff8002d0000 	C:\Windows\System32\IMM32.DLL
0x00007fffcd6a0000 - 0x00007fffcd73d000 	C:\Program Files\Android\Android Studio\jre\bin\msvcp140.dll
0x00007fffacb30000 - 0x00007fffad5ff000 	C:\Program Files\Android\Android Studio\jre\bin\server\jvm.dll
0x00007ff800070000 - 0x00007ff80011c000 	C:\Windows\System32\ADVAPI32.dll
0x00007fffff0b0000 - 0x00007fffff14b000 	C:\Windows\System32\sechost.dll
0x00007fffffa40000 - 0x00007fffffb6a000 	C:\Windows\System32\RPCRT4.dll
0x00007ff800000000 - 0x00007ff800008000 	C:\Windows\System32\PSAPI.DLL
0x00007fffe8320000 - 0x00007fffe8329000 	C:\Windows\SYSTEM32\WSOCK32.dll
0x00007ff800420000 - 0x00007ff80048b000 	C:\Windows\System32\WS2_32.dll
0x00007fffd97d0000 - 0x00007fffd97f7000 	C:\Windows\SYSTEM32\WINMM.dll
0x00007ffff0a70000 - 0x00007ffff0a7a000 	C:\Windows\SYSTEM32\VERSION.dll
0x00007ffffcb80000 - 0x00007ffffcb92000 	C:\Windows\SYSTEM32\kernel.appcore.dll
0x00007ffff8db0000 - 0x00007ffff8dc1000 	C:\Program Files\Android\Android Studio\jre\bin\verify.dll
0x00007ffffc0f0000 - 0x00007ffffc2d4000 	C:\Windows\SYSTEM32\DBGHELP.DLL
0x00007ffff9410000 - 0x00007ffff943c000 	C:\Windows\SYSTEM32\dbgcore.DLL
0x00007ffffe9f0000 - 0x00007ffffea73000 	C:\Windows\System32\bcryptPrimitives.dll
0x00007ffff4820000 - 0x00007ffff4849000 	C:\Program Files\Android\Android Studio\jre\bin\java.dll
0x00007ffffb4d0000 - 0x00007ffffb4db000 	C:\Program Files\Android\Android Studio\jre\bin\jimage.dll
0x00007ffff0cc0000 - 0x00007ffff0cd8000 	C:\Program Files\Android\Android Studio\jre\bin\zip.dll
0x00007fffff150000 - 0x00007fffff88f000 	C:\Windows\System32\SHELL32.dll
0x00007ffffc3e0000 - 0x00007ffffcb70000 	C:\Windows\SYSTEM32\windows.storage.dll
0x00007ff800490000 - 0x00007ff8007e5000 	C:\Windows\System32\combase.dll
0x00007ffffdd50000 - 0x00007ffffdd7e000 	C:\Windows\SYSTEM32\Wldp.dll
0x00007ff800120000 - 0x00007ff8001cd000 	C:\Windows\System32\SHCORE.dll
0x00007ff800010000 - 0x00007ff800065000 	C:\Windows\System32\shlwapi.dll
0x00007ffffe240000 - 0x00007ffffe25f000 	C:\Windows\SYSTEM32\profapi.dll
0x00007ffff0610000 - 0x00007ffff062a000 	C:\Program Files\Android\Android Studio\jre\bin\net.dll
0x00007fffecf40000 - 0x00007fffed04c000 	C:\Windows\SYSTEM32\WINHTTP.dll
0x00007ffffdab0000 - 0x00007ffffdb1a000 	C:\Windows\system32\mswsock.dll
0x00007ffff05f0000 - 0x00007ffff0604000 	C:\Program Files\Android\Android Studio\jre\bin\nio.dll

dbghelp: loaded successfully - version: 4.0.5 - missing functions: none
symbol engine: initialized successfully - sym options: 0x614 - pdb path: .;C:\Program Files\Android\Android Studio\jre\bin;C:\Windows\SYSTEM32;C:\Windows\WinSxS\amd64_microsoft.windows.common-controls_6595b64144ccf1df_6.0.19041.1110_none_60b5254171f9507e;C:\Program Files\Android\Android Studio\jre\bin\server

VM Arguments:
java_command: org.jetbrains.kotlin.cli.jvm.K2JVMCompiler @C:\Users\usuario\Desktop\gitRepositories\LattersToSaraswati\app\build\20211219_12848191704189273735.compiler.options
java_class_path (initial): C:\Users\usuario\.gradle\caches\modules-2\files-2.1\org.jetbrains.kotlin\kotlin-compiler-embeddable\1.5.31\cc18c29253541dc57c25c3ef514d63c7953ae1a6\kotlin-compiler-embeddable-1.5.31.jar;C:\Users\usuario\.gradle\caches\modules-2\files-2.1\org.jetbrains.kotlin\kotlin-reflect\1.5.31\1523fcd842a47da0820cea772b19c51056fec8a9\kotlin-reflect-1.5.31.jar;C:\Users\usuario\.gradle\caches\modules-2\files-2.1\org.jetbrains.kotlin\kotlin-stdlib\1.5.31\6628d61d0f5603568e72d2d5915d2c034b4f1c55\kotlin-stdlib-1.5.31.jar;C:\Users\usuario\.gradle\caches\modules-2\files-2.1\org.jetbrains.kotlin\kotlin-script-runtime\1.5.31\aaea854be2cfc06373dfc11be5a6ba9ca5ca84a6\kotlin-script-runtime-1.5.31.jar;C:\Users\usuario\.gradle\caches\modules-2\files-2.1\org.jetbrains.kotlin\kotlin-daemon-embeddable\1.5.31\d19b549661e28c62781683dc7c7e34bf416974f1\kotlin-daemon-embeddable-1.5.31.jar;C:\Users\usuario\.gradle\caches\modules-2\files-2.1\org.jetbrains.intellij.deps\trove4j\1.0.20181211\216c2e14b070f334479d800987affe4054cd563f\trove4j-1.0.20181211.jar;C:\Users\usuario\.gradle\caches\modules-2\files-2.1\org.jetbrains\annotations\13.0\919f0dfe192fb4e063e7dacadee7f8bb9a2672a9\annotations-13.0.jar;C:\Users\usuario\.gradle\caches\modules-2\files-2.1\org.jetbrains.kotlin\kotlin-stdlib-common\1.5.31\43331609c7de811fed085e0dfd150874b157c32\kotlin-stdlib-common-1.5.31.jar
Launcher Type: SUN_STANDARD

[Global flags]
     intx CICompilerCount                          = 3                                         {product} {ergonomic}
     uint ConcGCThreads                            = 1                                         {product} {ergonomic}
     uint G1ConcRefinementThreads                  = 4                                         {product} {ergonomic}
   size_t G1HeapRegionSize                         = 1048576                                   {product} {ergonomic}
    uintx GCDrainStackTargetSize                   = 64                                        {product} {ergonomic}
   size_t InitialHeapSize                          = 134217728                                 {product} {ergonomic}
   size_t MarkStackSize                            = 4194304                                   {product} {ergonomic}
   size_t MaxHeapSize                              = 2120220672                                {product} {ergonomic}
   size_t MaxNewSize                               = 1271922688                                {product} {ergonomic}
   size_t MinHeapDeltaBytes                        = 1048576                                   {product} {ergonomic}
    uintx NonNMethodCodeHeapSize                   = 5830732                                {pd product} {ergonomic}
    uintx NonProfiledCodeHeapSize                  = 122913754                              {pd product} {ergonomic}
    uintx ProfiledCodeHeapSize                     = 122913754                              {pd product} {ergonomic}
    uintx ReservedCodeCacheSize                    = 251658240                              {pd product} {ergonomic}
     bool SegmentedCodeCache                       = true                                      {product} {ergonomic}
     bool UseCompressedClassPointers               = true                                 {lp64_product} {ergonomic}
     bool UseCompressedOops                        = true                                 {lp64_product} {ergonomic}
     bool UseG1GC                                  = true                                      {product} {ergonomic}
     bool UseLargePagesIndividualAllocation        = false                                  {pd product} {ergonomic}

Logging:
Log output configuration:
 #0: stdout all=warning uptime,level,tags
 #1: stderr all=off uptime,level,tags

Environment Variables:
JAVA_HOME=C:\Program Files\Java\jdk-17.0.1
PATH=C:\Program Files\Common Files\Oracle\Java\javapath;C:\Windows\system32;C:\Windows;C:\Windows\System32\Wbem;C:\Windows\System32\WindowsPowerShell\v1.0\;C:\Windows\System32\OpenSSH\;C:\Program Files (x86)\Intel\Intel(R) Management Engine Components\DAL;C:\Program Files\Intel\Intel(R) Management Engine Components\DAL;C:\ProgramData\UNIVALI\Portugol Studio;C:\Program Files\Git\cmd;C:\Program Files\Java\jdk-17.0.1\bin;C:\Users\usuario\AppData\Local\Microsoft\WindowsApps;;C:\Program Files\JetBrains\IntelliJ IDEA Community Edition 2021.2.2\bin;
USERNAME=usuario
OS=Windows_NT
PROCESSOR_IDENTIFIER=Intel64 Family 6 Model 78 Stepping 3, GenuineIntel



---------------  S Y S T E M  ---------------

OS: Windows 10 , 64 bit Build 19041 (10.0.19041.1348)
OS uptime: 3 days 3:40 hours

CPU:total 4 (initial active 4) (2 cores per cpu, 2 threads per core) family 6 model 78 stepping 3 microcode 0xea, cmov, cx8, fxsr, mmx, sse, sse2, sse3, ssse3, sse4.1, sse4.2, popcnt, avx, avx2, aes, clmul, erms, 3dnowpref, lzcnt, ht, tsc, tscinvbit, bmi1, bmi2, adx, fma

Memory: 4k page, system-wide physical 8083M (263M free)
TotalPageFile size 12179M (AvailPageFile size 4M)
current process WorkingSet (physical memory assigned to process): 334M, peak: 334M
current process commit charge ("private bytes"): 367M, peak: 367M

vm_info: OpenJDK 64-Bit Server VM (11.0.10+0-b96-7249189) for windows-amd64 JRE (11.0.10+0-b96-7249189), built on Mar 31 2021 21:44:00 by "builder" with MS VC++ 14.0 (VS2015)

END.
